<?xml version="1.0" encoding="UTF-8"?>
<!-- Generated by org.testng.reporters.JUnitReportReporter -->
<testsuite hostname="DESKTOP-FNVP3NE" failures="0" tests="1" name="ecommerce_tests.Tests" time="12.040" errors="0" timestamp="2022-10-12T23:34:31 CDT" skipped="0">
  <testcase classname="ecommerce_tests.Tests" name="productIsAddedToCartAndIsPresentWhenClickOnCartButton" time="12.040"/>
  <system-out/>
</testsuite> <!-- ecommerce_tests.Tests -->
