<?xml version="1.0" encoding="UTF-8"?>
<!-- Generated by org.testng.reporters.JUnitReportReporter -->
<testsuite hostname="DESKTOP-FNVP3NE" failures="0" tests="1" name="com.main.selenium.practices.CDPTests" time="9.700" errors="0" timestamp="2022-10-10T16:55:07 CDT" skipped="0">
  <testcase classname="com.main.selenium.practices.CDPTests" name="testJSErrors" time="9.700"/>
  <system-out/>
</testsuite> <!-- com.main.selenium.practices.CDPTests -->
