<?xml version="1.0" encoding="UTF-8"?>
<!-- Generated by org.testng.reporters.JUnitReportReporter -->
<testsuite hostname="DESKTOP-FNVP3NE" failures="0" tests="1" name="com.main.selenium.practices.FileUploadingTest" time="35.522" errors="0" timestamp="2022-10-11T16:43:25 CDT" skipped="0">
  <testcase classname="com.main.selenium.practices.FileUploadingTest" name="testFileDownload" time="35.522"/>
  <system-out/>
</testsuite> <!-- com.main.selenium.practices.FileUploadingTest -->
