<?xml version="1.0" encoding="UTF-8"?>
<!-- Generated by org.testng.reporters.JUnitReportReporter -->
<testsuite hostname="LAPTOP-BL8V5H57" failures="0" tests="1" name="com.main.selenium.selenium.NewTest" time="3.956" errors="0" timestamp="2022-09-09T12:03:27 CDT" skipped="0">
  <testcase classname="com.main.selenium.selenium.NewTest" name="f" time="3.956"/>
  <system-out/>
</testsuite> <!-- com.main.selenium.selenium.NewTest -->
