<?xml version="1.0" encoding="UTF-8"?>
<!-- Generated by org.testng.reporters.JUnitReportReporter -->
<testsuite hostname="DESKTOP-FNVP3NE" failures="0" tests="1" name="unit_tests.TestDBReader" time="0.963" errors="0" timestamp="2022-10-11T11:28:40 CDT" skipped="0">
  <testcase classname="unit_tests.TestDBReader" name="testDataRetrieveByColumns" time="0.963"/>
  <system-out/>
</testsuite> <!-- unit_tests.TestDBReader -->
