<?xml version="1.0" encoding="UTF-8"?>
<!-- Generated by org.testng.reporters.JUnitReportReporter -->
<testsuite hostname="LAPTOP-BL8V5H57" failures="0" tests="1" name="com.main.selenium.practices.LinksCountTest" time="11.907" errors="0" timestamp="2022-09-09T21:32:51 CDT" skipped="0">
  <testcase classname="com.main.selenium.practices.LinksCountTest" name="testLinksCount" time="11.907"/>
  <system-out/>
</testsuite> <!-- com.main.selenium.practices.LinksCountTest -->
