<?xml version="1.0" encoding="UTF-8"?>
<!-- Generated by org.testng.reporters.JUnitReportReporter -->
<testsuite hostname="LAPTOP-BL8V5H57" failures="0" tests="1" name="com.main.selenium.selenium.NewTest" time="2.829" errors="0" timestamp="2022-09-26T22:48:52 CDT" skipped="0">
  <testcase classname="com.main.selenium.selenium.NewTest" name="f" time="2.829"/>
  <system-out/>
</testsuite> <!-- com.main.selenium.selenium.NewTest -->
